0 info it worked if it ends with ok
1 verbose cli [ '/usr/local/bin/node',
1 verbose cli   '/usr/local/bin/npm',
1 verbose cli   'install',
1 verbose cli   '-g',
1 verbose cli   'ios-deploy' ]
2 info using npm@2.14.20
3 info using node@v4.4.1
4 verbose install initial load of /usr/local/lib/package.json
5 verbose readDependencies loading dependencies from /usr/local/lib/package.json
6 silly cache add args [ 'ios-deploy', null ]
7 verbose cache add spec ios-deploy
8 silly cache add parsed spec Result {
8 silly cache add   raw: 'ios-deploy',
8 silly cache add   scope: null,
8 silly cache add   name: 'ios-deploy',
8 silly cache add   rawSpec: '',
8 silly cache add   spec: 'latest',
8 silly cache add   type: 'tag' }
9 silly addNamed ios-deploy@latest
10 verbose addNamed "latest" is being treated as a dist-tag for ios-deploy
11 info addNameTag [ 'ios-deploy', 'latest' ]
12 silly mapToRegistry name ios-deploy
13 silly mapToRegistry using default registry
14 silly mapToRegistry registry https://registry.npmjs.org/
15 silly mapToRegistry uri https://registry.npmjs.org/ios-deploy
16 verbose addNameTag registry:https://registry.npmjs.org/ios-deploy not in flight; fetching
17 verbose request uri https://registry.npmjs.org/ios-deploy
18 verbose request no auth needed
19 info attempt registry request try #1 at 5:21:44 PM
20 verbose request id c7b067f43f2a2283
21 verbose etag "4CUS9875CC3DGHUBAFHHN6HOD"
22 http request GET https://registry.npmjs.org/ios-deploy
23 http 304 https://registry.npmjs.org/ios-deploy
24 verbose headers { date: 'Sun, 10 Apr 2016 22:21:44 GMT',
24 verbose headers   via: '1.1 varnish',
24 verbose headers   'cache-control': 'max-age=300',
24 verbose headers   etag: '"4CUS9875CC3DGHUBAFHHN6HOD"',
24 verbose headers   age: '119',
24 verbose headers   connection: 'keep-alive',
24 verbose headers   'x-served-by': 'cache-dfw1836-DFW',
24 verbose headers   'x-cache': 'HIT',
24 verbose headers   'x-cache-hits': '1',
24 verbose headers   'x-timer': 'S1460326904.829291,VS0,VE0',
24 verbose headers   vary: 'Accept-Encoding' }
25 silly get cb [ 304,
25 silly get   { date: 'Sun, 10 Apr 2016 22:21:44 GMT',
25 silly get     via: '1.1 varnish',
25 silly get     'cache-control': 'max-age=300',
25 silly get     etag: '"4CUS9875CC3DGHUBAFHHN6HOD"',
25 silly get     age: '119',
25 silly get     connection: 'keep-alive',
25 silly get     'x-served-by': 'cache-dfw1836-DFW',
25 silly get     'x-cache': 'HIT',
25 silly get     'x-cache-hits': '1',
25 silly get     'x-timer': 'S1460326904.829291,VS0,VE0',
25 silly get     vary: 'Accept-Encoding' } ]
26 verbose etag https://registry.npmjs.org/ios-deploy from cache
27 verbose get saving ios-deploy to /Users/wsisson/.npm/registry.npmjs.org/ios-deploy/.cache.json
28 verbose correctMkdir /Users/wsisson/.npm correctMkdir not in flight; initializing
29 silly addNameTag next cb for ios-deploy with tag latest
30 silly addNamed ios-deploy@1.8.5
31 verbose addNamed "1.8.5" is a plain semver version for ios-deploy
32 silly cache afterAdd ios-deploy@1.8.5
33 verbose afterAdd /Users/wsisson/.npm/ios-deploy/1.8.5/package/package.json not in flight; writing
34 verbose correctMkdir /Users/wsisson/.npm correctMkdir not in flight; initializing
35 verbose afterAdd /Users/wsisson/.npm/ios-deploy/1.8.5/package/package.json written
36 silly install resolved [ { name: 'ios-deploy',
36 silly install resolved     version: '1.8.5',
36 silly install resolved     os: [ 'darwin' ],
36 silly install resolved     description: 'launch iOS apps iOS devices from the command line (Xcode 7)',
36 silly install resolved     main: 'ios-deploy',
36 silly install resolved     scripts:
36 silly install resolved      { preinstall: './src/scripts/check_reqs.js && xcodebuild',
36 silly install resolved        test: 'npm run pycompile && npm run jshint && xcodebuild -target ios-deploy-lib && xcodebuild test -scheme ios-deploy-tests',
36 silly install resolved        jshint: 'node node_modules/jshint/bin/jshint src/scripts/*.js',
36 silly install resolved        pycompile: 'python -m py_compile src/scripts/*.py' },
36 silly install resolved     bin: { 'ios-deploy': './build/Release/ios-deploy' },
36 silly install resolved     repository:
36 silly install resolved      { type: 'git',
36 silly install resolved        url: 'git+https://github.com/phonegap/ios-deploy.git' },
36 silly install resolved     devDependencies: { jshint: '2.5.8' },
36 silly install resolved     keywords: [ 'ios-deploy', 'deploy to iOS device' ],
36 silly install resolved     bugs: { url: 'https://github.com/phonegap/ios-deploy/issues' },
36 silly install resolved     author: { name: 'Greg Hughes' },
36 silly install resolved     license: 'GPLv3',
36 silly install resolved     gitHead: 'c4cd7b4a555723731a8912ec02f4adeb0af6ded2',
36 silly install resolved     homepage: 'https://github.com/phonegap/ios-deploy#readme',
36 silly install resolved     _id: 'ios-deploy@1.8.5',
36 silly install resolved     _shasum: '0b68ea29bf23a53981c7d09238cf12ca74aa1dba',
36 silly install resolved     _from: 'ios-deploy@latest',
36 silly install resolved     _npmVersion: '2.11.3',
36 silly install resolved     _nodeVersion: '0.12.7',
36 silly install resolved     _npmUser: { name: 'shazron', email: 'shazron@gmail.com' },
36 silly install resolved     dist:
36 silly install resolved      { shasum: '0b68ea29bf23a53981c7d09238cf12ca74aa1dba',
36 silly install resolved        tarball: 'https://registry.npmjs.org/ios-deploy/-/ios-deploy-1.8.5.tgz' },
36 silly install resolved     maintainers: [ [Object], [Object], [Object] ],
36 silly install resolved     _npmOperationalInternal:
36 silly install resolved      { host: 'packages-6-west.internal.npmjs.com',
36 silly install resolved        tmp: 'tmp/ios-deploy-1.8.5.tgz_1454607982930_0.32560620410367846' },
36 silly install resolved     directories: {},
36 silly install resolved     _resolved: 'https://registry.npmjs.org/ios-deploy/-/ios-deploy-1.8.5.tgz',
36 silly install resolved     readme: 'ERROR: No README data found!' } ]
37 info install ios-deploy@1.8.5 into /usr/local/lib
38 info installOne ios-deploy@1.8.5
39 verbose installOne of ios-deploy to /usr/local/lib not in flight; installing
40 verbose correctMkdir /Users/wsisson/.npm/_locks correctMkdir not in flight; initializing
41 verbose lock using /Users/wsisson/.npm/_locks/ios-deploy-198957223cd98201.lock for /usr/local/lib/node_modules/ios-deploy
42 silly install write writing ios-deploy 1.8.5 to /usr/local/lib/node_modules/ios-deploy
43 verbose unbuild lib/node_modules/ios-deploy
44 silly gentlyRm /usr/local/lib/node_modules/ios-deploy is being purged from base /usr/local
45 verbose gentlyRm don't care about contents; nuking /usr/local/lib/node_modules/ios-deploy
46 verbose tar unpack /Users/wsisson/.npm/ios-deploy/1.8.5/package.tgz
47 verbose tar unpacking to /usr/local/lib/node_modules/ios-deploy
48 silly gentlyRm /usr/local/lib/node_modules/ios-deploy is being purged
49 verbose gentlyRm don't care about contents; nuking /usr/local/lib/node_modules/ios-deploy
50 silly gunzTarPerm modes [ '755', '644' ]
51 silly gunzTarPerm extractEntry package.json
52 silly gunzTarPerm extractEntry .npmignore
53 silly gunzTarPerm extractEntry README.md
54 silly gunzTarPerm extractEntry LICENSE
55 silly gunzTarPerm extractEntry CONTRIBUTING.md
56 silly gunzTarPerm extractEntry demo/.npmignore
57 silly gunzTarPerm extractEntry demo/Entitlements.plist
58 silly gunzTarPerm extractEntry demo/Info.plist
59 silly gunzTarPerm extractEntry demo/Makefile
60 silly gunzTarPerm extractEntry demo/ResourceRules.plist
61 silly gunzTarPerm extractEntry demo/demo.c
62 silly gunzTarPerm extractEntry ios-deploy.xcodeproj/project.pbxproj
63 silly gunzTarPerm extractEntry ios-deploy.xcodeproj/xcshareddata/xcschemes/ios-deploy-tests.xcscheme
64 silly gunzTarPerm extractEntry src/ios-deploy/MobileDevice.h
65 silly gunzTarPerm extractEntry src/ios-deploy/errors.h
66 silly gunzTarPerm extractEntry src/ios-deploy/ios-deploy.m
67 silly gunzTarPerm extractEntry src/ios-deploy/lldb.py.h
68 silly gunzTarPerm extractEntry src/ios-deploy/version.h
69 silly gunzTarPerm extractEntry src/ios-deploy-lib/libios_deploy.h
70 silly gunzTarPerm extractEntry src/ios-deploy-lib/libios_deploy.m
71 silly gunzTarPerm extractEntry src/ios-deploy-tests/Info.plist
72 silly gunzTarPerm extractEntry src/ios-deploy-tests/ios_deploy_tests.m
73 silly gunzTarPerm extractEntry src/scripts/check_reqs.js
74 silly gunzTarPerm extractEntry src/scripts/lldb.py
75 silly gunzTarPerm extractEntry src/scripts/lldb.pyc
76 verbose write writing to /usr/local/lib/node_modules/ios-deploy/package.json
77 info preinstall ios-deploy@1.8.5
78 verbose unsafe-perm in lifecycle false
79 info ios-deploy@1.8.5 Failed to exec preinstall script
80 verbose unlock done using /Users/wsisson/.npm/_locks/ios-deploy-198957223cd98201.lock for /usr/local/lib/node_modules/ios-deploy
81 verbose stack Error: ios-deploy@1.8.5 preinstall: `./src/scripts/check_reqs.js && xcodebuild`
81 verbose stack Exit status 134
81 verbose stack     at EventEmitter.<anonymous> (/usr/local/lib/node_modules/npm/lib/utils/lifecycle.js:214:16)
81 verbose stack     at emitTwo (events.js:87:13)
81 verbose stack     at EventEmitter.emit (events.js:172:7)
81 verbose stack     at ChildProcess.<anonymous> (/usr/local/lib/node_modules/npm/lib/utils/spawn.js:24:14)
81 verbose stack     at emitTwo (events.js:87:13)
81 verbose stack     at ChildProcess.emit (events.js:172:7)
81 verbose stack     at maybeClose (internal/child_process.js:827:16)
81 verbose stack     at Process.ChildProcess._handle.onexit (internal/child_process.js:211:5)
82 verbose pkgid ios-deploy@1.8.5
83 verbose cwd /Users/wsisson/Documents/Coursera-Full-Stack-Web-Dev/ionic/conFusion
84 error Darwin 15.4.0
85 error argv "/usr/local/bin/node" "/usr/local/bin/npm" "install" "-g" "ios-deploy"
86 error node v4.4.1
87 error npm  v2.14.20
88 error code ELIFECYCLE
89 error ios-deploy@1.8.5 preinstall: `./src/scripts/check_reqs.js && xcodebuild`
89 error Exit status 134
90 error Failed at the ios-deploy@1.8.5 preinstall script './src/scripts/check_reqs.js && xcodebuild'.
90 error This is most likely a problem with the ios-deploy package,
90 error not with npm itself.
90 error Tell the author that this fails on your system:
90 error     ./src/scripts/check_reqs.js && xcodebuild
90 error You can get information on how to open an issue for this project with:
90 error     npm bugs ios-deploy
90 error Or if that isn't available, you can get their info via:
90 error
90 error     npm owner ls ios-deploy
90 error There is likely additional logging output above.
91 verbose exit [ 1, true ]
92 verbose unbuild lib/node_modules/ios-deploy
93 info preuninstall ios-deploy@1.8.5
94 info uninstall ios-deploy@1.8.5
95 verbose unbuild rmStuff ios-deploy@1.8.5 from /usr/local/lib/node_modules
96 silly gentlyRm /usr/local/bin/ios-deploy is being gently removed
97 silly gentlyRm verifying /usr/local is an npm working directory
98 silly gentlyRm containing path /usr/local is under npm's control, in /usr/local
99 silly gentlyRm deletion target /usr/local/bin/ios-deploy is under /usr/local
100 verbose gentlyRm vacuuming from /usr/local/bin/ios-deploy up to /usr/local
101 info postuninstall ios-deploy@1.8.5
102 silly gentlyRm /usr/local/lib/node_modules/ios-deploy is being purged from base /usr/local
103 verbose gentlyRm don't care about contents; nuking /usr/local/lib/node_modules/ios-deploy
104 silly vacuum-fs purging /usr/local/lib/node_modules/ios-deploy
105 silly vacuum-fs quitting because other entries in /usr/local/lib/node_modules
